<?xml version="1.0" encoding="UTF-8"?>
<testng-results ignored="0" total="1" passed="1" failed="0" skipped="0">
  <reporter-output>
  </reporter-output>
  <suite started-at="2021-03-23T05:04:55Z" name="Default suite" finished-at="2021-03-23T05:05:06Z" duration-ms="10746">
    <groups>
    </groups>
    <test started-at="2021-03-23T05:04:55Z" name="Default test" finished-at="2021-03-23T05:05:06Z" duration-ms="10746">
      <class name="ra.Demo1_GET_Request">
        <test-method signature="getPostComments()[pri:0, instance:ra.Demo1_GET_Request@4066c471]" started-at="2021-03-23T05:04:55Z" name="getPostComments" finished-at="2021-03-23T05:05:06Z" duration-ms="10669" status="PASS">
          <reporter-output>
          </reporter-output>
        </test-method> <!-- getPostComments -->
      </class> <!-- ra.Demo1_GET_Request -->
    </test> <!-- Default test -->
  </suite> <!-- Default suite -->
</testng-results>
